<?xml version="1.0" encoding="UTF-8"?>
<testsuite name="de.demowebshop.tests.CreateAccountTests" tests="6" skipped="0" failures="0" errors="0" timestamp="2026-08-17T12:19:12.947Z" hostname="MY-COMP11" time="55.728">
  <properties/>
  <testcase name="newUserRegisterExistingEmailNegativeTest" classname="de.demowebshop.tests.CreateAccountTests" time="1.699"/>
  <testcase name="newUserRegisterPositiveTest" classname="de.demowebshop.tests.CreateAccountTests" time="1.901"/>
  <testcase name="registerWithDifferentPasswordsNegativeTest" classname="de.demowebshop.tests.CreateAccountTests" time="0.923"/>
  <testcase name="registerWithEmptyEmailNegativeTest" classname="de.demowebshop.tests.CreateAccountTests" time="0.931"/>
  <testcase name="registerWithInvalidEmailNegativeTest" classname="de.demowebshop.tests.CreateAccountTests" time="0.89"/>
  <testcase name="registerWithShortPasswordNegativeTest" classname="de.demowebshop.tests.CreateAccountTests" time="1.126"/>
  <system-out><![CDATA[14:19:14.646 [Test worker] INFO  i.g.bonigarcia.wdm.WebDriverManager -- Using geckodriver 0.37.1 (resolved driver for Firefox 153)
14:19:14.678 [Test worker] INFO  i.g.bonigarcia.wdm.WebDriverManager -- Exporting webdriver.gecko.driver as C:\Users\asus\.cache\selenium\geckodriver\win64\0.37.1\geckodriver.exe
14:19:25.153 [Test worker] INFO  de.demowebshop.core.TestBase -- Start test newUserRegisterExistingEmailNegativeTest
14:19:26.864 [Test worker] INFO  de.demowebshop.core.TestBase -- Stop test
14:19:27.787 [Test worker] INFO  i.g.bonigarcia.wdm.WebDriverManager -- Using geckodriver 0.37.1 (resolved driver for Firefox 153)
14:19:27.795 [Test worker] INFO  i.g.bonigarcia.wdm.WebDriverManager -- Exporting webdriver.gecko.driver as C:\Users\asus\.cache\selenium\geckodriver\win64\0.37.1\geckodriver.exe
14:19:34.883 [Test worker] INFO  de.demowebshop.core.TestBase -- Start test newUserRegisterPositiveTest
14:19:36.787 [Test worker] INFO  de.demowebshop.core.TestBase -- Stop test
14:19:37.695 [Test worker] INFO  i.g.bonigarcia.wdm.WebDriverManager -- Using geckodriver 0.37.1 (resolved driver for Firefox 153)
14:19:37.702 [Test worker] INFO  i.g.bonigarcia.wdm.WebDriverManager -- Exporting webdriver.gecko.driver as C:\Users\asus\.cache\selenium\geckodriver\win64\0.37.1\geckodriver.exe
14:19:43.586 [Test worker] INFO  de.demowebshop.core.TestBase -- Start test registerWithDifferentPasswordsNegativeTest
14:19:44.512 [Test worker] INFO  de.demowebshop.core.TestBase -- Stop test
14:19:45.344 [Test worker] INFO  i.g.bonigarcia.wdm.WebDriverManager -- Using geckodriver 0.37.1 (resolved driver for Firefox 153)
14:19:45.351 [Test worker] INFO  i.g.bonigarcia.wdm.WebDriverManager -- Exporting webdriver.gecko.driver as C:\Users\asus\.cache\selenium\geckodriver\win64\0.37.1\geckodriver.exe
14:19:52.180 [Test worker] INFO  de.demowebshop.core.TestBase -- Start test registerWithEmptyEmailNegativeTest
14:19:53.114 [Test worker] INFO  de.demowebshop.core.TestBase -- Stop test
14:19:53.969 [Test worker] INFO  i.g.bonigarcia.wdm.WebDriverManager -- Using geckodriver 0.37.1 (resolved driver for Firefox 153)
14:19:53.975 [Test worker] INFO  i.g.bonigarcia.wdm.WebDriverManager -- Exporting webdriver.gecko.driver as C:\Users\asus\.cache\selenium\geckodriver\win64\0.37.1\geckodriver.exe
14:19:59.909 [Test worker] INFO  de.demowebshop.core.TestBase -- Start test registerWithInvalidEmailNegativeTest
14:20:00.801 [Test worker] INFO  de.demowebshop.core.TestBase -- Stop test
14:20:01.647 [Test worker] INFO  i.g.bonigarcia.wdm.WebDriverManager -- Using geckodriver 0.37.1 (resolved driver for Firefox 153)
14:20:01.654 [Test worker] INFO  i.g.bonigarcia.wdm.WebDriverManager -- Exporting webdriver.gecko.driver as C:\Users\asus\.cache\selenium\geckodriver\win64\0.37.1\geckodriver.exe
14:20:07.549 [Test worker] INFO  de.demowebshop.core.TestBase -- Start test registerWithShortPasswordNegativeTest
14:20:08.676 [Test worker] INFO  de.demowebshop.core.TestBase -- Stop test
]]></system-out>
  <system-err><![CDATA[]]></system-err>
</testsuite>
