<?xml version="1.0" encoding="UTF-8"?>
<testsuite name="de.demowebshop.tests.HomePageTests" tests="5" skipped="0" failures="0" errors="0" timestamp="2026-08-17T12:20:09.545Z" hostname="MY-COMP11" time="72.247">
  <properties/>
  <testcase name="accountLinkIsNotPresentForGuestTest" classname="de.demowebshop.tests.HomePageTests" time="15.026"/>
  <testcase name="isHomeComponentPresentTest" classname="de.demowebshop.tests.HomePageTests" time="0.029"/>
  <testcase name="logoutLinkIsNotPresentForGuestTest" classname="de.demowebshop.tests.HomePageTests" time="15.042"/>
  <testcase name="searchUnknownProductNegativeTest" classname="de.demowebshop.tests.HomePageTests" time="0.861"/>
  <testcase name="searchWithEmptyQueryNegativeTest" classname="de.demowebshop.tests.HomePageTests" time="0.223"/>
  <system-out><![CDATA[14:20:09.556 [Test worker] INFO  i.g.bonigarcia.wdm.WebDriverManager -- Using geckodriver 0.37.1 (resolved driver for Firefox 153)
14:20:09.563 [Test worker] INFO  i.g.bonigarcia.wdm.WebDriverManager -- Exporting webdriver.gecko.driver as C:\Users\asus\.cache\selenium\geckodriver\win64\0.37.1\geckodriver.exe
14:20:15.881 [Test worker] INFO  de.demowebshop.core.TestBase -- Start test accountLinkIsNotPresentForGuestTest
14:20:30.908 [Test worker] INFO  de.demowebshop.core.TestBase -- Stop test
14:20:31.748 [Test worker] INFO  i.g.bonigarcia.wdm.WebDriverManager -- Using geckodriver 0.37.1 (resolved driver for Firefox 153)
14:20:31.755 [Test worker] INFO  i.g.bonigarcia.wdm.WebDriverManager -- Exporting webdriver.gecko.driver as C:\Users\asus\.cache\selenium\geckodriver\win64\0.37.1\geckodriver.exe
14:20:43.013 [Test worker] INFO  de.demowebshop.core.TestBase -- Start test isHomeComponentPresentTest
14:20:43.044 [Test worker] INFO  de.demowebshop.core.TestBase -- Stop test
14:20:43.933 [Test worker] INFO  i.g.bonigarcia.wdm.WebDriverManager -- Using geckodriver 0.37.1 (resolved driver for Firefox 153)
14:20:43.942 [Test worker] INFO  i.g.bonigarcia.wdm.WebDriverManager -- Exporting webdriver.gecko.driver as C:\Users\asus\.cache\selenium\geckodriver\win64\0.37.1\geckodriver.exe
14:20:51.383 [Test worker] INFO  de.demowebshop.core.TestBase -- Start test logoutLinkIsNotPresentForGuestTest
14:21:06.428 [Test worker] INFO  de.demowebshop.core.TestBase -- Stop test
14:21:07.278 [Test worker] INFO  i.g.bonigarcia.wdm.WebDriverManager -- Using geckodriver 0.37.1 (resolved driver for Firefox 153)
14:21:07.283 [Test worker] INFO  i.g.bonigarcia.wdm.WebDriverManager -- Exporting webdriver.gecko.driver as C:\Users\asus\.cache\selenium\geckodriver\win64\0.37.1\geckodriver.exe
14:21:13.436 [Test worker] INFO  de.demowebshop.core.TestBase -- Start test searchUnknownProductNegativeTest
14:21:14.297 [Test worker] INFO  de.demowebshop.core.TestBase -- Stop test
14:21:15.126 [Test worker] INFO  i.g.bonigarcia.wdm.WebDriverManager -- Using geckodriver 0.37.1 (resolved driver for Firefox 153)
14:21:15.133 [Test worker] INFO  i.g.bonigarcia.wdm.WebDriverManager -- Exporting webdriver.gecko.driver as C:\Users\asus\.cache\selenium\geckodriver\win64\0.37.1\geckodriver.exe
14:21:21.569 [Test worker] INFO  de.demowebshop.core.TestBase -- Start test searchWithEmptyQueryNegativeTest
14:21:21.793 [Test worker] INFO  de.demowebshop.core.TestBase -- Stop test
]]></system-out>
  <system-err><![CDATA[]]></system-err>
</testsuite>
