<?xml version="1.0" encoding="UTF-8"?>
<testsuite name="de.demowebshop.tests.CreateAccountTests" tests="6" skipped="0" failures="0" errors="0" timestamp="2026-08-19T17:11:43.530Z" hostname="MY-COMP11" time="49.724">
  <properties/>
  <testcase name="newUserRegisterExistingEmailNegativeTest" classname="de.demowebshop.tests.CreateAccountTests" time="1.613"/>
  <testcase name="newUserRegisterPositiveTest" classname="de.demowebshop.tests.CreateAccountTests" time="1.784"/>
  <testcase name="registerWithDifferentPasswordsNegativeTest" classname="de.demowebshop.tests.CreateAccountTests" time="1.298"/>
  <testcase name="registerWithEmptyEmailNegativeTest" classname="de.demowebshop.tests.CreateAccountTests" time="1.026"/>
  <testcase name="registerWithInvalidEmailNegativeTest" classname="de.demowebshop.tests.CreateAccountTests" time="1.021"/>
  <testcase name="registerWithShortPasswordNegativeTest" classname="de.demowebshop.tests.CreateAccountTests" time="1.05"/>
  <system-out><![CDATA[19:11:43.546 [Test worker] INFO  i.g.bonigarcia.wdm.WebDriverManager -- Using geckodriver 0.37.1 (resolved driver for Firefox 153)
19:11:43.555 [Test worker] INFO  i.g.bonigarcia.wdm.WebDriverManager -- Exporting webdriver.gecko.driver as C:\Users\asus\.cache\selenium\geckodriver\win64\0.37.1\geckodriver.exe
19:11:49.425 [Test worker] INFO  de.demowebshop.core.TestBase -- Start test newUserRegisterExistingEmailNegativeTest
19:11:51.039 [Test worker] INFO  de.demowebshop.core.TestBase -- PASSED: newUserRegisterExistingEmailNegativeTest
19:11:51.039 [Test worker] INFO  de.demowebshop.core.TestBase -- Stop test
19:11:51.039 [Test worker] INFO  de.demowebshop.core.TestBase -- **********************************
19:11:52.076 [Test worker] INFO  i.g.bonigarcia.wdm.WebDriverManager -- Using geckodriver 0.37.1 (resolved driver for Firefox 153)
19:11:52.087 [Test worker] INFO  i.g.bonigarcia.wdm.WebDriverManager -- Exporting webdriver.gecko.driver as C:\Users\asus\.cache\selenium\geckodriver\win64\0.37.1\geckodriver.exe
19:11:58.691 [Test worker] INFO  de.demowebshop.core.TestBase -- Start test newUserRegisterPositiveTest
19:12:00.477 [Test worker] INFO  de.demowebshop.core.TestBase -- PASSED: newUserRegisterPositiveTest
19:12:00.477 [Test worker] INFO  de.demowebshop.core.TestBase -- Stop test
19:12:00.478 [Test worker] INFO  de.demowebshop.core.TestBase -- **********************************
19:12:01.412 [Test worker] INFO  i.g.bonigarcia.wdm.WebDriverManager -- Using geckodriver 0.37.1 (resolved driver for Firefox 153)
19:12:01.419 [Test worker] INFO  i.g.bonigarcia.wdm.WebDriverManager -- Exporting webdriver.gecko.driver as C:\Users\asus\.cache\selenium\geckodriver\win64\0.37.1\geckodriver.exe
19:12:07.524 [Test worker] INFO  de.demowebshop.core.TestBase -- Start test registerWithDifferentPasswordsNegativeTest
19:12:08.833 [Test worker] INFO  de.demowebshop.core.TestBase -- PASSED: registerWithDifferentPasswordsNegativeTest
19:12:08.835 [Test worker] INFO  de.demowebshop.core.TestBase -- Stop test
19:12:08.836 [Test worker] INFO  de.demowebshop.core.TestBase -- **********************************
19:12:10.096 [Test worker] INFO  i.g.bonigarcia.wdm.WebDriverManager -- Using geckodriver 0.37.1 (resolved driver for Firefox 153)
19:12:10.105 [Test worker] INFO  i.g.bonigarcia.wdm.WebDriverManager -- Exporting webdriver.gecko.driver as C:\Users\asus\.cache\selenium\geckodriver\win64\0.37.1\geckodriver.exe
19:12:16.270 [Test worker] INFO  de.demowebshop.core.TestBase -- Start test registerWithEmptyEmailNegativeTest
19:12:17.298 [Test worker] INFO  de.demowebshop.core.TestBase -- PASSED: registerWithEmptyEmailNegativeTest
19:12:17.298 [Test worker] INFO  de.demowebshop.core.TestBase -- Stop test
19:12:17.298 [Test worker] INFO  de.demowebshop.core.TestBase -- **********************************
19:12:18.204 [Test worker] INFO  i.g.bonigarcia.wdm.WebDriverManager -- Using geckodriver 0.37.1 (resolved driver for Firefox 153)
19:12:18.212 [Test worker] INFO  i.g.bonigarcia.wdm.WebDriverManager -- Exporting webdriver.gecko.driver as C:\Users\asus\.cache\selenium\geckodriver\win64\0.37.1\geckodriver.exe
19:12:24.401 [Test worker] INFO  de.demowebshop.core.TestBase -- Start test registerWithInvalidEmailNegativeTest
19:12:25.423 [Test worker] INFO  de.demowebshop.core.TestBase -- PASSED: registerWithInvalidEmailNegativeTest
19:12:25.423 [Test worker] INFO  de.demowebshop.core.TestBase -- Stop test
19:12:25.423 [Test worker] INFO  de.demowebshop.core.TestBase -- **********************************
19:12:26.383 [Test worker] INFO  i.g.bonigarcia.wdm.WebDriverManager -- Using geckodriver 0.37.1 (resolved driver for Firefox 153)
19:12:26.393 [Test worker] INFO  i.g.bonigarcia.wdm.WebDriverManager -- Exporting webdriver.gecko.driver as C:\Users\asus\.cache\selenium\geckodriver\win64\0.37.1\geckodriver.exe
19:12:32.203 [Test worker] INFO  de.demowebshop.core.TestBase -- Start test registerWithShortPasswordNegativeTest
19:12:33.257 [Test worker] INFO  de.demowebshop.core.TestBase -- PASSED: registerWithShortPasswordNegativeTest
19:12:33.257 [Test worker] INFO  de.demowebshop.core.TestBase -- Stop test
19:12:33.260 [Test worker] INFO  de.demowebshop.core.TestBase -- **********************************
]]></system-out>
  <system-err><![CDATA[]]></system-err>
</testsuite>
