<?xml version="1.0" encoding="UTF-8"?>
<testsuite name="de.demowebshop.tests.HomePageTests" tests="5" skipped="0" failures="0" errors="0" timestamp="2026-08-19T17:10:31.649Z" hostname="MY-COMP11" time="70.865">
  <properties/>
  <testcase name="accountLinkIsNotPresentForGuestTest" classname="de.demowebshop.tests.HomePageTests" time="15.052"/>
  <testcase name="isHomeComponentPresentTest" classname="de.demowebshop.tests.HomePageTests" time="0.025"/>
  <testcase name="logoutLinkIsNotPresentForGuestTest" classname="de.demowebshop.tests.HomePageTests" time="15.03"/>
  <testcase name="searchUnknownProductNegativeTest" classname="de.demowebshop.tests.HomePageTests" time="0.943"/>
  <testcase name="searchWithEmptyQueryNegativeTest" classname="de.demowebshop.tests.HomePageTests" time="0.23"/>
  <system-out><![CDATA[19:10:33.332 [Test worker] INFO  i.g.bonigarcia.wdm.WebDriverManager -- Using geckodriver 0.37.1 (resolved driver for Firefox 153)
19:10:33.356 [Test worker] INFO  i.g.bonigarcia.wdm.WebDriverManager -- Exporting webdriver.gecko.driver as C:\Users\asus\.cache\selenium\geckodriver\win64\0.37.1\geckodriver.exe
19:10:43.617 [Test worker] INFO  de.demowebshop.core.TestBase -- Start test accountLinkIsNotPresentForGuestTest
19:10:58.683 [Test worker] INFO  de.demowebshop.core.TestBase -- PASSED: accountLinkIsNotPresentForGuestTest
19:10:58.683 [Test worker] INFO  de.demowebshop.core.TestBase -- Stop test
19:10:58.684 [Test worker] INFO  de.demowebshop.core.TestBase -- **********************************
19:10:59.504 [Test worker] INFO  i.g.bonigarcia.wdm.WebDriverManager -- Using geckodriver 0.37.1 (resolved driver for Firefox 153)
19:10:59.511 [Test worker] INFO  i.g.bonigarcia.wdm.WebDriverManager -- Exporting webdriver.gecko.driver as C:\Users\asus\.cache\selenium\geckodriver\win64\0.37.1\geckodriver.exe
19:11:05.469 [Test worker] INFO  de.demowebshop.core.TestBase -- Start test isHomeComponentPresentTest
19:11:05.497 [Test worker] INFO  de.demowebshop.core.TestBase -- PASSED: isHomeComponentPresentTest
19:11:05.497 [Test worker] INFO  de.demowebshop.core.TestBase -- Stop test
19:11:05.498 [Test worker] INFO  de.demowebshop.core.TestBase -- **********************************
19:11:06.366 [Test worker] INFO  i.g.bonigarcia.wdm.WebDriverManager -- Using geckodriver 0.37.1 (resolved driver for Firefox 153)
19:11:06.372 [Test worker] INFO  i.g.bonigarcia.wdm.WebDriverManager -- Exporting webdriver.gecko.driver as C:\Users\asus\.cache\selenium\geckodriver\win64\0.37.1\geckodriver.exe
19:11:12.480 [Test worker] INFO  de.demowebshop.core.TestBase -- Start test logoutLinkIsNotPresentForGuestTest
19:11:27.514 [Test worker] INFO  de.demowebshop.core.TestBase -- PASSED: logoutLinkIsNotPresentForGuestTest
19:11:27.515 [Test worker] INFO  de.demowebshop.core.TestBase -- Stop test
19:11:27.515 [Test worker] INFO  de.demowebshop.core.TestBase -- **********************************
19:11:28.316 [Test worker] INFO  i.g.bonigarcia.wdm.WebDriverManager -- Using geckodriver 0.37.1 (resolved driver for Firefox 153)
19:11:28.323 [Test worker] INFO  i.g.bonigarcia.wdm.WebDriverManager -- Exporting webdriver.gecko.driver as C:\Users\asus\.cache\selenium\geckodriver\win64\0.37.1\geckodriver.exe
19:11:34.129 [Test worker] INFO  de.demowebshop.core.TestBase -- Start test searchUnknownProductNegativeTest
19:11:35.078 [Test worker] INFO  de.demowebshop.core.TestBase -- PASSED: searchUnknownProductNegativeTest
19:11:35.079 [Test worker] INFO  de.demowebshop.core.TestBase -- Stop test
19:11:35.079 [Test worker] INFO  de.demowebshop.core.TestBase -- **********************************
19:11:36.140 [Test worker] INFO  i.g.bonigarcia.wdm.WebDriverManager -- Using geckodriver 0.37.1 (resolved driver for Firefox 153)
19:11:36.149 [Test worker] INFO  i.g.bonigarcia.wdm.WebDriverManager -- Exporting webdriver.gecko.driver as C:\Users\asus\.cache\selenium\geckodriver\win64\0.37.1\geckodriver.exe
19:11:42.283 [Test worker] INFO  de.demowebshop.core.TestBase -- Start test searchWithEmptyQueryNegativeTest
19:11:42.516 [Test worker] INFO  de.demowebshop.core.TestBase -- PASSED: searchWithEmptyQueryNegativeTest
19:11:42.516 [Test worker] INFO  de.demowebshop.core.TestBase -- Stop test
19:11:42.516 [Test worker] INFO  de.demowebshop.core.TestBase -- **********************************
]]></system-out>
  <system-err><![CDATA[]]></system-err>
</testsuite>
