<?xml version="1.0" encoding="UTF-8"?>
<testsuite name="de.demowebshop.tests.ShopCartTest" tests="4" skipped="0" failures="0" errors="0" timestamp="2026-08-20T11:57:24.857Z" hostname="MY-COMP11" time="65.908">
  <properties/>
  <testcase name="addProductToShoppingCartPositiveTest" classname="de.demowebshop.tests.ShopCartTest" time="2.264"/>
  <testcase name="addTwoProductsToShoppingCartPositiveTest" classname="de.demowebshop.tests.ShopCartTest" time="5.118"/>
  <testcase name="removeProductFromShoppingCartPositiveTest" classname="de.demowebshop.tests.ShopCartTest" time="17.56"/>
  <testcase name="updateProductQuantityPositiveTest" classname="de.demowebshop.tests.ShopCartTest" time="2.64"/>
  <system-out><![CDATA[13:57:25.741 [Test worker] INFO  i.g.bonigarcia.wdm.WebDriverManager -- Using geckodriver 0.37.1 (resolved driver for Firefox 153)
13:57:25.793 [Test worker] INFO  i.g.bonigarcia.wdm.WebDriverManager -- Exporting webdriver.gecko.driver as C:\Users\asus\.cache\selenium\geckodriver\win64\0.37.1\geckodriver.exe
13:57:36.094 [Test worker] INFO  de.demowebshop.core.TestBase -- Start test addProductToShoppingCartPositiveTest
13:57:38.364 [Test worker] INFO  de.demowebshop.core.TestBase -- PASSED: addProductToShoppingCartPositiveTest
13:57:38.364 [Test worker] INFO  de.demowebshop.core.TestBase -- Stop test
13:57:38.365 [Test worker] INFO  de.demowebshop.core.TestBase -- **********************************
13:57:39.330 [Test worker] INFO  i.g.bonigarcia.wdm.WebDriverManager -- Using geckodriver 0.37.1 (resolved driver for Firefox 153)
13:57:39.341 [Test worker] INFO  i.g.bonigarcia.wdm.WebDriverManager -- Exporting webdriver.gecko.driver as C:\Users\asus\.cache\selenium\geckodriver\win64\0.37.1\geckodriver.exe
13:57:46.058 [Test worker] INFO  de.demowebshop.core.TestBase -- Start test addTwoProductsToShoppingCartPositiveTest
13:57:51.179 [Test worker] INFO  de.demowebshop.core.TestBase -- PASSED: addTwoProductsToShoppingCartPositiveTest
13:57:51.180 [Test worker] INFO  de.demowebshop.core.TestBase -- Stop test
13:57:51.180 [Test worker] INFO  de.demowebshop.core.TestBase -- **********************************
13:57:52.094 [Test worker] INFO  i.g.bonigarcia.wdm.WebDriverManager -- Using geckodriver 0.37.1 (resolved driver for Firefox 153)
13:57:52.103 [Test worker] INFO  i.g.bonigarcia.wdm.WebDriverManager -- Exporting webdriver.gecko.driver as C:\Users\asus\.cache\selenium\geckodriver\win64\0.37.1\geckodriver.exe
13:58:03.171 [Test worker] INFO  de.demowebshop.core.TestBase -- Start test removeProductFromShoppingCartPositiveTest
13:58:20.735 [Test worker] INFO  de.demowebshop.core.TestBase -- PASSED: removeProductFromShoppingCartPositiveTest
13:58:20.736 [Test worker] INFO  de.demowebshop.core.TestBase -- Stop test
13:58:20.736 [Test worker] INFO  de.demowebshop.core.TestBase -- **********************************
13:58:21.716 [Test worker] INFO  i.g.bonigarcia.wdm.WebDriverManager -- Using geckodriver 0.37.1 (resolved driver for Firefox 153)
13:58:21.726 [Test worker] INFO  i.g.bonigarcia.wdm.WebDriverManager -- Exporting webdriver.gecko.driver as C:\Users\asus\.cache\selenium\geckodriver\win64\0.37.1\geckodriver.exe
13:58:28.121 [Test worker] INFO  de.demowebshop.core.TestBase -- Start test updateProductQuantityPositiveTest
13:58:30.766 [Test worker] INFO  de.demowebshop.core.TestBase -- PASSED: updateProductQuantityPositiveTest
13:58:30.766 [Test worker] INFO  de.demowebshop.core.TestBase -- Stop test
13:58:30.766 [Test worker] INFO  de.demowebshop.core.TestBase -- **********************************
]]></system-out>
  <system-err><![CDATA[]]></system-err>
</testsuite>
